SLF4J: Class path contains multiple SLF4J bindings.
SLF4J: Found binding in [jar:file:/home/wuqisen/DevelopMaterial/ZephyrMQ/zephyr-admin/target/lib/logback-classic-1.2.12.jar!/org/slf4j/impl/StaticLoggerBinder.class]
SLF4J: Found binding in [jar:file:/home/wuqisen/DevelopMaterial/ZephyrMQ/zephyr-storage/target/lib/logback-classic-1.2.12.jar!/org/slf4j/impl/StaticLoggerBinder.class]
SLF4J: Found binding in [jar:file:/home/wuqisen/DevelopMaterial/ZephyrMQ/zephyr-protocol/target/lib/logback-classic-1.2.12.jar!/org/slf4j/impl/StaticLoggerBinder.class]
SLF4J: Found binding in [jar:file:/home/wuqisen/DevelopMaterial/ZephyrMQ/zephyr-examples/target/lib/logback-classic-1.2.12.jar!/org/slf4j/impl/StaticLoggerBinder.class]
SLF4J: Found binding in [jar:file:/home/wuqisen/DevelopMaterial/ZephyrMQ/zephyr-client/target/lib/logback-classic-1.2.12.jar!/org/slf4j/impl/StaticLoggerBinder.class]
SLF4J: Found binding in [jar:file:/home/wuqisen/DevelopMaterial/ZephyrMQ/zephyr-nameserver/target/lib/logback-classic-1.2.12.jar!/org/slf4j/impl/StaticLoggerBinder.class]
SLF4J: Found binding in [jar:file:/home/wuqisen/DevelopMaterial/ZephyrMQ/zephyr-common/target/lib/logback-classic-1.2.12.jar!/org/slf4j/impl/StaticLoggerBinder.class]
SLF4J: Found binding in [jar:file:/home/wuqisen/DevelopMaterial/ZephyrMQ/zephyr-broker/target/lib/logback-classic-1.2.12.jar!/org/slf4j/impl/StaticLoggerBinder.class]
SLF4J: See http://www.slf4j.org/codes.html#multiple_bindings for an explanation.
SLF4J: Actual binding is of type [ch.qos.logback.classic.util.ContextSelectorStaticBinder]
00:37:51.366 [main] INFO com.zephyr.broker.ZephyrBroker - ZephyrBroker[DefaultBroker] starting...
00:37:51.368 [main] INFO com.zephyr.broker.store.DefaultMessageStore - DefaultMessageStore starting...
00:37:51.368 [main] INFO com.zephyr.broker.store.DefaultMessageStore - Initializing message storage components...
00:37:51.368 [main] INFO com.zephyr.broker.store.DefaultMessageStore - Message storage components initialized
00:37:51.368 [main] INFO com.zephyr.broker.store.DefaultMessageStore - DefaultMessageStore started successfully
00:37:51.368 [main] INFO com.zephyr.broker.topic.TopicConfigManager - TopicConfigManager starting...
00:37:51.369 [main] INFO com.zephyr.broker.topic.TopicConfigManager - Created new topic: DefaultTopic with 4 queues
00:37:51.369 [main] INFO com.zephyr.broker.topic.TopicConfigManager - Created new topic: TestTopic with 4 queues
00:37:51.369 [main] INFO com.zephyr.broker.topic.TopicConfigManager - Loaded 2 topic configs
00:37:51.369 [main] INFO com.zephyr.broker.topic.TopicConfigManager - TopicConfigManager started successfully
00:37:51.369 [main] INFO com.zephyr.broker.subscription.SubscriptionGroupManager - SubscriptionGroupManager starting...
00:37:51.369 [main] INFO com.zephyr.broker.subscription.SubscriptionGroupManager - Created subscription group: DefaultConsumerGroup
00:37:51.369 [main] INFO com.zephyr.broker.subscription.SubscriptionGroupManager - Created subscription group: example_consumer_group
00:37:51.369 [main] INFO com.zephyr.broker.subscription.SubscriptionGroupManager - Loaded 2 subscription groups
00:37:51.369 [main] INFO com.zephyr.broker.subscription.SubscriptionGroupManager - SubscriptionGroupManager started successfully
00:37:51.369 [main] INFO com.zephyr.broker.offset.ConsumerOffsetManager - ConsumerOffsetManager starting...
00:37:51.369 [main] INFO com.zephyr.broker.offset.ConsumerOffsetManager - Loaded consumer offsets
00:37:51.369 [main] INFO com.zephyr.broker.offset.ConsumerOffsetManager - ConsumerOffsetManager started successfully
00:37:51.373 [main] DEBUG io.netty.util.internal.logging.InternalLoggerFactory - Using SLF4J as the default logging framework
00:37:51.375 [main] DEBUG io.netty.channel.MultithreadEventLoopGroup - -Dio.netty.eventLoopThreads: 28
00:37:51.383 [main] DEBUG io.netty.util.concurrent.GlobalEventExecutor - -Dio.netty.globalEventExecutor.quietPeriodSeconds: 1
00:37:51.392 [main] DEBUG io.netty.util.internal.InternalThreadLocalMap - -Dio.netty.threadLocalMap.stringBuilder.initialSize: 1024
00:37:51.392 [main] DEBUG io.netty.util.internal.InternalThreadLocalMap - -Dio.netty.threadLocalMap.stringBuilder.maxSize: 4096
00:37:51.402 [main] DEBUG io.netty.util.internal.PlatformDependent0 - -Dio.netty.noUnsafe: false
00:37:51.402 [main] DEBUG io.netty.util.internal.PlatformDependent0 - Java version: 21
00:37:51.403 [main] DEBUG io.netty.util.internal.PlatformDependent0 - sun.misc.Unsafe.theUnsafe: available
00:37:51.403 [main] DEBUG io.netty.util.internal.PlatformDependent0 - sun.misc.Unsafe.copyMemory: available
00:37:51.404 [main] DEBUG io.netty.util.internal.PlatformDependent0 - sun.misc.Unsafe.storeFence: available
00:37:51.404 [main] DEBUG io.netty.util.internal.PlatformDependent0 - java.nio.Buffer.address: available
00:37:51.404 [main] DEBUG io.netty.util.internal.PlatformDependent0 - direct buffer constructor: unavailable: Reflective setAccessible(true) disabled
00:37:51.404 [main] DEBUG io.netty.util.internal.PlatformDependent0 - java.nio.Bits.unaligned: available, true
00:37:51.405 [main] DEBUG io.netty.util.internal.PlatformDependent0 - jdk.internal.misc.Unsafe.allocateUninitializedArray(int): unavailable: class io.netty.util.internal.PlatformDependent0$7 cannot access class jdk.internal.misc.Unsafe (in module java.base) because module java.base does not export jdk.internal.misc to unnamed module @6a472554
00:37:51.405 [main] DEBUG io.netty.util.internal.PlatformDependent0 - java.nio.DirectByteBuffer.<init>(long, {int,long}): unavailable
00:37:51.405 [main] DEBUG io.netty.util.internal.PlatformDependent - sun.misc.Unsafe: available
00:37:51.405 [main] DEBUG io.netty.util.internal.PlatformDependent - -Dio.netty.tmpdir: /tmp (java.io.tmpdir)
00:37:51.405 [main] DEBUG io.netty.util.internal.PlatformDependent - -Dio.netty.bitMode: 64 (sun.arch.data.model)
00:37:51.407 [main] DEBUG io.netty.util.internal.PlatformDependent - -Dio.netty.maxDirectMemory: -1 bytes
00:37:51.407 [main] DEBUG io.netty.util.internal.PlatformDependent - -Dio.netty.uninitializedArrayAllocationThreshold: -1
00:37:51.409 [main] DEBUG io.netty.util.internal.CleanerJava9 - java.nio.ByteBuffer.cleaner(): available
00:37:51.409 [main] DEBUG io.netty.util.internal.PlatformDependent - -Dio.netty.noPreferDirect: false
00:37:51.410 [main] DEBUG io.netty.channel.nio.NioEventLoop - -Dio.netty.noKeySetOptimization: false
00:37:51.410 [main] DEBUG io.netty.channel.nio.NioEventLoop - -Dio.netty.selectorAutoRebuildThreshold: 512
00:37:51.414 [main] DEBUG io.netty.util.internal.PlatformDependent - org.jctools-core.MpscChunkedArrayQueue: available
00:37:51.450 [main] DEBUG io.netty.channel.DefaultChannelId - -Dio.netty.processId: 1907650 (auto-detected)
00:37:51.452 [main] DEBUG io.netty.util.NetUtil - -Djava.net.preferIPv4Stack: false
00:37:51.452 [main] DEBUG io.netty.util.NetUtil - -Djava.net.preferIPv6Addresses: false
00:37:51.453 [main] DEBUG io.netty.util.NetUtilInitializations - Loopback interface: lo (lo, 0:0:0:0:0:0:0:1%lo)
00:37:51.454 [main] DEBUG io.netty.util.NetUtil - /proc/sys/net/core/somaxconn: 4096
00:37:51.455 [main] DEBUG io.netty.channel.DefaultChannelId - -Dio.netty.machineId: 64:d6:9a:ff:fe:b5:cc:b9 (auto-detected)
00:37:51.475 [main] DEBUG io.netty.util.ResourceLeakDetector - -Dio.netty.leakDetection.level: simple
00:37:51.476 [main] DEBUG io.netty.util.ResourceLeakDetector - -Dio.netty.leakDetection.targetRecords: 4
00:37:51.486 [main] DEBUG io.netty.buffer.PooledByteBufAllocator - -Dio.netty.allocator.numHeapArenas: 28
00:37:51.487 [main] DEBUG io.netty.buffer.PooledByteBufAllocator - -Dio.netty.allocator.numDirectArenas: 28
00:37:51.487 [main] DEBUG io.netty.buffer.PooledByteBufAllocator - -Dio.netty.allocator.pageSize: 8192
00:37:51.487 [main] DEBUG io.netty.buffer.PooledByteBufAllocator - -Dio.netty.allocator.maxOrder: 9
00:37:51.487 [main] DEBUG io.netty.buffer.PooledByteBufAllocator - -Dio.netty.allocator.chunkSize: 4194304
00:37:51.487 [main] DEBUG io.netty.buffer.PooledByteBufAllocator - -Dio.netty.allocator.smallCacheSize: 256
00:37:51.487 [main] DEBUG io.netty.buffer.PooledByteBufAllocator - -Dio.netty.allocator.normalCacheSize: 64
00:37:51.487 [main] DEBUG io.netty.buffer.PooledByteBufAllocator - -Dio.netty.allocator.maxCachedBufferCapacity: 32768
00:37:51.487 [main] DEBUG io.netty.buffer.PooledByteBufAllocator - -Dio.netty.allocator.cacheTrimInterval: 8192
00:37:51.487 [main] DEBUG io.netty.buffer.PooledByteBufAllocator - -Dio.netty.allocator.cacheTrimIntervalMillis: 0
00:37:51.487 [main] DEBUG io.netty.buffer.PooledByteBufAllocator - -Dio.netty.allocator.useCacheForAllThreads: false
00:37:51.487 [main] DEBUG io.netty.buffer.PooledByteBufAllocator - -Dio.netty.allocator.maxCachedByteBuffersPerChunk: 1023
00:37:51.491 [main] DEBUG io.netty.buffer.ByteBufUtil - -Dio.netty.allocator.type: pooled
00:37:51.491 [main] DEBUG io.netty.buffer.ByteBufUtil - -Dio.netty.threadLocalDirectBufferSize: 0
00:37:51.491 [main] DEBUG io.netty.buffer.ByteBufUtil - -Dio.netty.maxThreadLocalCharBufferSize: 16384
00:37:51.492 [main] DEBUG io.netty.bootstrap.ChannelInitializerExtensions - -Dio.netty.bootstrap.extensions: null
00:37:51.509 [main] INFO com.zephyr.protocol.network.NettyRemotingServer - Netty server started successfully on port 9876
00:37:51.509 [main] INFO com.zephyr.broker.ZephyrBroker - ZephyrBroker[DefaultBroker] started successfully on port 9876
00:37:51.510 [main] INFO com.zephyr.broker.ZephyrBroker - ZephyrBroker started successfully, press Ctrl+C to exit
00:37:55.858 [Thread-0] INFO com.zephyr.broker.ZephyrBroker - ZephyrBroker[DefaultBroker] shutting down...
00:37:55.863 [Thread-0] INFO com.zephyr.protocol.network.NettyRemotingServer - Netty server shutdown successfully
00:37:55.863 [Thread-0] INFO com.zephyr.broker.offset.ConsumerOffsetManager - ConsumerOffsetManager shutting down...
00:37:55.863 [Thread-0] INFO com.zephyr.broker.offset.ConsumerOffsetManager - Persisted consumer offsets
00:37:55.863 [Thread-0] INFO com.zephyr.broker.offset.ConsumerOffsetManager - ConsumerOffsetManager shut down successfully
00:37:55.863 [Thread-0] INFO com.zephyr.broker.subscription.SubscriptionGroupManager - SubscriptionGroupManager shutting down...
00:37:55.863 [Thread-0] INFO com.zephyr.broker.subscription.SubscriptionGroupManager - SubscriptionGroupManager shut down successfully
00:37:55.863 [Thread-0] INFO com.zephyr.broker.topic.TopicConfigManager - TopicConfigManager shutting down...
00:37:55.863 [Thread-0] INFO com.zephyr.broker.topic.TopicConfigManager - TopicConfigManager shut down successfully
00:37:55.863 [Thread-0] INFO com.zephyr.broker.store.DefaultMessageStore - DefaultMessageStore shutting down...
00:37:55.863 [Thread-0] INFO com.zephyr.broker.store.DefaultMessageStore - DefaultMessageStore shut down successfully
00:37:55.863 [Thread-0] INFO com.zephyr.broker.ZephyrBroker - ZephyrBroker[DefaultBroker] shut down successfully
